<?xml version="1.0" encoding="UTF-8"?>
<!-- Generated by org.testng.reporters.JUnitReportReporter -->
<testsuite skipped="0" hostname="DESKTOP-5OR1JQH" name="autoAmazon.amazonTest.SeleniumTest" tests="1" failures="0" timestamp="2019-11-23T15:09:47 IST" time="72.347" errors="0">
  <testcase name="deliveryOfProduct" time="72.347" classname="autoAmazon.amazonTest.SeleniumTest"/>
</testsuite> <!-- autoAmazon.amazonTest.SeleniumTest -->
