<?xml version="1.0" encoding="UTF-8"?>
<!-- Generated by org.testng.reporters.JUnitReportReporter -->
<testsuite skipped="0" hostname="DESKTOP-5OR1JQH" name="autoAmazon.automateTasks.SeleniumTest" tests="1" failures="0" timestamp="2019-11-04T12:57:35 IST" time="42.057" errors="0">
  <testcase name="test_add_product_to_cart" time="42.057" classname="autoAmazon.automateTasks.SeleniumTest"/>
</testsuite> <!-- autoAmazon.automateTasks.SeleniumTest -->
